<?xml version="1.0" encoding="UTF-8"?>
<testsuite xmlns:xsi="http://www.w3.org/2001/XMLSchema-instance" xsi:noNamespaceSchemaLocation="https://maven.apache.org/surefire/maven-surefire-plugin/xsd/surefire-test-report-3.0.xsd" version="3.0" name="lab15.sict.must.edu.mn.SubtractionTest" time="0.103" tests="6" errors="0" skipped="0" failures="0">
  <properties>
[...]
</properties>
  <testcase name="testSubtractNonZero" classname="lab15.sict.must.edu.mn.SubtractionTest" time="0.003"/>
  <testcase name="testSubtractSameNumber" classname="lab15.sict.must.edu.mn.SubtractionTest" time="0.006"/>
  <testcase name="testSubtractNegativeResult" classname="lab15.sict.must.edu.mn.SubtractionTest" time="0.005"/>
  <testcase name="testSubtractNegative" classname="lab15.sict.must.edu.mn.SubtractionTest" time="0.002"/>
  <testcase name="testSubtractZero" classname="lab15.sict.must.edu.mn.SubtractionTest" time="0.008"/>
  <testcase name="testSubtractLargeNumbers" classname="lab15.sict.must.edu.mn.SubtractionTest" time="0.018"/>
</testsuite>